<?xml version="1.0" encoding="UTF-8"?>
<testng-results skipped="0" failed="0" ignored="0" total="3" passed="3">
  <reporter-output>
  </reporter-output>
  <suite name="Suite" duration-ms="50785" started-at="2019-09-29T17:35:11 IST" finished-at="2019-09-29T17:36:02 IST">
    <groups>
    </groups>
    <test name="Test" duration-ms="50785" started-at="2019-09-29T17:35:11 IST" finished-at="2019-09-29T17:36:02 IST">
      <class name="docker.Docker">
        <test-method status="PASS" signature="ff()[pri:0, instance:docker.Docker@33c7e1bb]" name="ff" duration-ms="49509" started-at="2019-09-29T17:35:11 IST" finished-at="2019-09-29T17:36:01 IST">
          <reporter-output>
          </reporter-output>
        </test-method> <!-- ff -->
        <test-method status="PASS" signature="cc()[pri:0, instance:docker.Docker@33c7e1bb]" name="cc" duration-ms="50493" started-at="2019-09-29T17:35:11 IST" finished-at="2019-09-29T17:36:02 IST">
          <reporter-output>
          </reporter-output>
        </test-method> <!-- cc -->
        <test-method status="PASS" signature="chrome()[pri:0, instance:docker.Docker@33c7e1bb]" name="chrome" duration-ms="50702" started-at="2019-09-29T17:35:11 IST" finished-at="2019-09-29T17:36:02 IST">
          <reporter-output>
          </reporter-output>
        </test-method> <!-- chrome -->
      </class> <!-- docker.Docker -->
    </test> <!-- Test -->
  </suite> <!-- Suite -->
</testng-results>
