<?xml version="1.0" encoding="UTF-8"?>
<testng-results skipped="0" failed="0" ignored="0" total="3" passed="3">
  <reporter-output>
  </reporter-output>
  <suite name="Suite" duration-ms="88324" started-at="2019-09-28T14:48:23 IST" finished-at="2019-09-28T14:49:51 IST">
    <groups>
    </groups>
    <test name="Test" duration-ms="88324" started-at="2019-09-28T14:48:23 IST" finished-at="2019-09-28T14:49:51 IST">
      <class name="testng.Docker">
        <test-method status="PASS" signature="cc()[pri:0, instance:testng.Docker@33c7e1bb]" name="cc" duration-ms="68731" started-at="2019-09-28T14:48:23 IST" finished-at="2019-09-28T14:49:32 IST">
          <reporter-output>
          </reporter-output>
        </test-method> <!-- cc -->
        <test-method status="PASS" signature="chrome()[pri:0, instance:testng.Docker@33c7e1bb]" name="chrome" duration-ms="78575" started-at="2019-09-28T14:48:23 IST" finished-at="2019-09-28T14:49:42 IST">
          <reporter-output>
          </reporter-output>
        </test-method> <!-- chrome -->
        <test-method status="PASS" signature="ff()[pri:0, instance:testng.Docker@33c7e1bb]" name="ff" duration-ms="88245" started-at="2019-09-28T14:48:23 IST" finished-at="2019-09-28T14:49:51 IST">
          <reporter-output>
          </reporter-output>
        </test-method> <!-- ff -->
      </class> <!-- testng.Docker -->
    </test> <!-- Test -->
  </suite> <!-- Suite -->
</testng-results>
